<?xml version="1.0" encoding="UTF-8"?>
<!-- Generated by org.testng.reporters.JUnitReportReporter -->
<testsuite skipped="0" hostname="Abhishek" name="Demo_Jenkins.DemoJenkinsJob" tests="3" failures="0" timestamp="06 Jun 2018 01:46:39 GMT" time="79.744" errors="0">
  <testcase name="Jenkins" time="42.052" classname="Demo_Jenkins.DemoJenkinsJob"/>
  <testcase name="Jenkins1" time="20.054" classname="Demo_Jenkins.DemoJenkinsJob"/>
  <testcase name="JenkinsEdge" time="17.638" classname="Demo_Jenkins.DemoJenkinsJob"/>
</testsuite> <!-- Demo_Jenkins.DemoJenkinsJob -->
