<?xml version="1.0" encoding="UTF-8"?>
<!-- Generated by org.testng.reporters.JUnitReportReporter -->
<testsuite skipped="0" hostname="Abhishek" name="Demo_Jenkins.DemoJenkinsJob2" tests="3" failures="0" timestamp="06 Jun 2018 01:46:39 GMT" time="85.392" errors="0">
  <testcase name="testJenkins" time="20.561" classname="Demo_Jenkins.DemoJenkinsJob2"/>
  <testcase name="JenkinsEdge" time="22.787" classname="Demo_Jenkins.DemoJenkinsJob2"/>
  <testcase name="Jenkins" time="42.044" classname="Demo_Jenkins.DemoJenkinsJob2"/>
</testsuite> <!-- Demo_Jenkins.DemoJenkinsJob2 -->
