<?xml version="1.0" encoding="UTF-8"?>
<!-- Generated by org.testng.reporters.JUnitReportReporter -->
<testsuite skipped="0" hostname="Abhishek" name="Demo_Jenkins.DemoJenkinsJob" tests="5" failures="0" timestamp="21 Sep 2018 14:13:55 GMT" time="79.938" errors="0">
  <testcase name="JenkinsEdge" time="0.002" classname="Demo_Jenkins.DemoJenkinsJob"/>
  <testcase name="testJenkins" time="11.876" classname="Demo_Jenkins.DemoJenkinsJob"/>
  <testcase name="Jenkins1" time="23.624" classname="Demo_Jenkins.DemoJenkinsJob"/>
  <testcase name="Jenkins" time="28.627" classname="Demo_Jenkins.DemoJenkinsJob"/>
  <testcase name="testJenkins2" time="15.809" classname="Demo_Jenkins.DemoJenkinsJob"/>
</testsuite> <!-- Demo_Jenkins.DemoJenkinsJob -->
