<?xml version="1.0" encoding="UTF-8"?>
<!-- Generated by org.testng.reporters.JUnitReportReporter -->
<testsuite skipped="0" hostname="Abhishek" name="Demo_Jenkins.DemoJenkinsJob2" tests="1" failures="0" timestamp="11 Apr 2018 15:08:21 GMT" time="18.970" errors="0">
  <testcase name="testJenkins" time="18.970" classname="Demo_Jenkins.DemoJenkinsJob2"/>
</testsuite> <!-- Demo_Jenkins.DemoJenkinsJob2 -->
