<?xml version="1.0" encoding="UTF-8"?>
<!-- Generated by org.testng.reporters.JUnitReportReporter -->
<testsuite skipped="0" hostname="Abhishek" name="Demo_Jenkins.DemoJenkinsJob2" tests="1" failures="0" timestamp="20 Feb 2019 02:32:54 GMT" time="56.141" errors="0">
  <testcase name="testJenkins" time="56.141" classname="Demo_Jenkins.DemoJenkinsJob2"/>
</testsuite> <!-- Demo_Jenkins.DemoJenkinsJob2 -->
