<?xml version="1.0" encoding="UTF-8"?>
<!-- Generated by org.testng.reporters.JUnitReportReporter -->
<testsuite skipped="0" hostname="Abhishek" name="Demo_Jenkins.DemoJenkinsJob2" tests="2" failures="0" timestamp="21 Sep 2018 14:47:38 GMT" time="75.248" errors="0">
  <testcase name="testJenkins2" time="31.910" classname="Demo_Jenkins.DemoJenkinsJob2"/>
  <testcase name="testJenkins" time="43.338" classname="Demo_Jenkins.DemoJenkinsJob2"/>
</testsuite> <!-- Demo_Jenkins.DemoJenkinsJob2 -->
