<?xml version="1.0" encoding="UTF-8"?>
<!-- Generated by org.testng.reporters.JUnitReportReporter -->
<testsuite skipped="0" hostname="Abhishek" name="Demo_Jenkins.DemoJenkinsJob2" tests="2" failures="0" timestamp="08 Sep 2018 16:49:55 GMT" time="50.340" errors="0">
  <testcase name="testJenkins" time="22.252" classname="Demo_Jenkins.DemoJenkinsJob2"/>
  <testcase name="testJenkins2" time="28.088" classname="Demo_Jenkins.DemoJenkinsJob2"/>
</testsuite> <!-- Demo_Jenkins.DemoJenkinsJob2 -->
