<?xml version="1.0" encoding="UTF-8"?>
<!-- Generated by org.testng.reporters.JUnitReportReporter -->
<testsuite skipped="0" hostname="Abhishek" name="Demo_Jenkins.DemoJenkinsJob" tests="3" failures="0" timestamp="21 Sep 2018 14:47:38 GMT" time="97.346" errors="0">
  <testcase name="Jenkins1" time="53.155" classname="Demo_Jenkins.DemoJenkinsJob"/>
  <testcase name="JenkinsEdge" time="0.004" classname="Demo_Jenkins.DemoJenkinsJob"/>
  <testcase name="Jenkins" time="44.187" classname="Demo_Jenkins.DemoJenkinsJob"/>
</testsuite> <!-- Demo_Jenkins.DemoJenkinsJob -->
