<?xml version="1.0" encoding="UTF-8"?>
<!-- Generated by org.testng.reporters.JUnitReportReporter -->
<testsuite skipped="3" hostname="Abhishek" name="Demo_Jenkins.ExtentReportsClass" tests="3" failures="0" timestamp="10 Sep 2018 16:35:40 GMT" time="0.000" errors="0">
  <testcase name="passTest" time="0.000" classname="Demo_Jenkins.ExtentReportsClass">
    <skipped/>
  </testcase> <!-- passTest -->
  <testcase name="skipTest" time="0.000" classname="Demo_Jenkins.ExtentReportsClass">
    <skipped/>
  </testcase> <!-- skipTest -->
  <testcase name="failTest" time="0.000" classname="Demo_Jenkins.ExtentReportsClass">
    <skipped/>
  </testcase> <!-- failTest -->
</testsuite> <!-- Demo_Jenkins.ExtentReportsClass -->
