<?xml version="1.0" encoding="UTF-8"?>
<!-- Generated by org.testng.reporters.JUnitReportReporter -->
<testsuite skipped="0" hostname="Abhishek" name="Demo_Jenkins.DemoJenkinsJob" tests="1" failures="0" timestamp="20 Feb 2019 02:31:28 GMT" time="129.435" errors="0">
  <testcase name="Jenkins1" time="129.435" classname="Demo_Jenkins.DemoJenkinsJob"/>
</testsuite> <!-- Demo_Jenkins.DemoJenkinsJob -->
