<?xml version="1.0" encoding="UTF-8"?>
<!-- Generated by org.testng.reporters.JUnitReportReporter -->
<testsuite skipped="0" hostname="Abhishek" name="Demo_Jenkins.DemoJenkinsJob2" tests="2" failures="0" timestamp="14 Sep 2018 16:20:14 GMT" time="28.569" errors="0">
  <testcase name="testJenkins2" time="16.363" classname="Demo_Jenkins.DemoJenkinsJob2"/>
  <testcase name="testJenkins" time="12.206" classname="Demo_Jenkins.DemoJenkinsJob2"/>
</testsuite> <!-- Demo_Jenkins.DemoJenkinsJob2 -->
