<?xml version="1.0" encoding="UTF-8"?>
<!-- Generated by org.testng.reporters.JUnitReportReporter -->
<testsuite skipped="0" hostname="Abhishek" name="Demo_Jenkins.DemoJenkinsJob" tests="2" failures="0" timestamp="29 Mar 2018 15:22:25 GMT" time="67.630" errors="0">
  <testcase name="Jenkins_1" time="21.156" classname="Demo_Jenkins.DemoJenkinsJob"/>
  <testcase name="Jenkins" time="46.474" classname="Demo_Jenkins.DemoJenkinsJob"/>
</testsuite> <!-- Demo_Jenkins.DemoJenkinsJob -->
