<?xml version="1.0" encoding="UTF-8"?>
<!-- Generated by org.testng.reporters.JUnitReportReporter -->
<testsuite skipped="0" hostname="Abhishek" name="Demo_Jenkins.DemoJenkinsJob" tests="1" failures="0" timestamp="02 Apr 2018 17:41:43 GMT" time="19.623" errors="0">
  <testcase name="Jenkins" time="19.623" classname="Demo_Jenkins.DemoJenkinsJob"/>
</testsuite> <!-- Demo_Jenkins.DemoJenkinsJob -->
