<?xml version="1.0" encoding="UTF-8"?>
<!-- Generated by org.testng.reporters.JUnitReportReporter -->
<testsuite skipped="0" hostname="Abhishek" name="Demo_Jenkins.DemoJenkinsJob" tests="2" failures="0" timestamp="31 Mar 2018 05:06:08 GMT" time="35.486" errors="0">
  <testcase name="Jenkins_1" time="18.813" classname="Demo_Jenkins.DemoJenkinsJob"/>
  <testcase name="Jenkins" time="16.673" classname="Demo_Jenkins.DemoJenkinsJob"/>
</testsuite> <!-- Demo_Jenkins.DemoJenkinsJob -->
